..\VS2005\Win32\Debug\residential.pdb
C:\USERS\ANTONIA\DOCUMENTS\GRIDLAB-D\TRUNK VERSIONS\ARGICULTURAL\GRIDLAB-D-CODE-5159-TRUNK\RESIDENTIAL\WIN32\DEBUG\RESIDENTIAL\APPLIANCE.OBJ
C:\USERS\ANTONIA\DOCUMENTS\GRIDLAB-D\TRUNK VERSIONS\ARGICULTURAL\GRIDLAB-D-CODE-5159-TRUNK\RESIDENTIAL\WIN32\DEBUG\RESIDENTIAL\CLOTHESWASHER.OBJ
C:\USERS\ANTONIA\DOCUMENTS\GRIDLAB-D\TRUNK VERSIONS\ARGICULTURAL\GRIDLAB-D-CODE-5159-TRUNK\RESIDENTIAL\WIN32\DEBUG\RESIDENTIAL\DISHWASHER.OBJ
C:\USERS\ANTONIA\DOCUMENTS\GRIDLAB-D\TRUNK VERSIONS\ARGICULTURAL\GRIDLAB-D-CODE-5159-TRUNK\RESIDENTIAL\WIN32\DEBUG\RESIDENTIAL\DRYER.OBJ
C:\USERS\ANTONIA\DOCUMENTS\GRIDLAB-D\TRUNK VERSIONS\ARGICULTURAL\GRIDLAB-D-CODE-5159-TRUNK\RESIDENTIAL\WIN32\DEBUG\RESIDENTIAL\EVCHARGER.OBJ
C:\USERS\ANTONIA\DOCUMENTS\GRIDLAB-D\TRUNK VERSIONS\ARGICULTURAL\GRIDLAB-D-CODE-5159-TRUNK\RESIDENTIAL\WIN32\DEBUG\RESIDENTIAL\EVCHARGER_DET.OBJ
C:\USERS\ANTONIA\DOCUMENTS\GRIDLAB-D\TRUNK VERSIONS\ARGICULTURAL\GRIDLAB-D-CODE-5159-TRUNK\RESIDENTIAL\WIN32\DEBUG\RESIDENTIAL\FREEZER.OBJ
C:\USERS\ANTONIA\DOCUMENTS\GRIDLAB-D\TRUNK VERSIONS\ARGICULTURAL\GRIDLAB-D-CODE-5159-TRUNK\RESIDENTIAL\WIN32\DEBUG\RESIDENTIAL\HOUSE_A.OBJ
C:\USERS\ANTONIA\DOCUMENTS\GRIDLAB-D\TRUNK VERSIONS\ARGICULTURAL\GRIDLAB-D-CODE-5159-TRUNK\RESIDENTIAL\WIN32\DEBUG\RESIDENTIAL\HOUSE_E.OBJ
C:\USERS\ANTONIA\DOCUMENTS\GRIDLAB-D\TRUNK VERSIONS\ARGICULTURAL\GRIDLAB-D-CODE-5159-TRUNK\RESIDENTIAL\WIN32\DEBUG\RESIDENTIAL\INIT.OBJ
C:\USERS\ANTONIA\DOCUMENTS\GRIDLAB-D\TRUNK VERSIONS\ARGICULTURAL\GRIDLAB-D-CODE-5159-TRUNK\RESIDENTIAL\WIN32\DEBUG\RESIDENTIAL\LIGHTS.OBJ
C:\USERS\ANTONIA\DOCUMENTS\GRIDLAB-D\TRUNK VERSIONS\ARGICULTURAL\GRIDLAB-D-CODE-5159-TRUNK\RESIDENTIAL\WIN32\DEBUG\RESIDENTIAL\MAIN.OBJ
C:\USERS\ANTONIA\DOCUMENTS\GRIDLAB-D\TRUNK VERSIONS\ARGICULTURAL\GRIDLAB-D-CODE-5159-TRUNK\RESIDENTIAL\WIN32\DEBUG\RESIDENTIAL\MICROWAVE.OBJ
C:\USERS\ANTONIA\DOCUMENTS\GRIDLAB-D\TRUNK VERSIONS\ARGICULTURAL\GRIDLAB-D-CODE-5159-TRUNK\RESIDENTIAL\WIN32\DEBUG\RESIDENTIAL\OCCUPANTLOAD.OBJ
C:\USERS\ANTONIA\DOCUMENTS\GRIDLAB-D\TRUNK VERSIONS\ARGICULTURAL\GRIDLAB-D-CODE-5159-TRUNK\RESIDENTIAL\WIN32\DEBUG\RESIDENTIAL\PLUGLOAD.OBJ
C:\USERS\ANTONIA\DOCUMENTS\GRIDLAB-D\TRUNK VERSIONS\ARGICULTURAL\GRIDLAB-D-CODE-5159-TRUNK\RESIDENTIAL\WIN32\DEBUG\RESIDENTIAL\RANGE.OBJ
C:\USERS\ANTONIA\DOCUMENTS\GRIDLAB-D\TRUNK VERSIONS\ARGICULTURAL\GRIDLAB-D-CODE-5159-TRUNK\RESIDENTIAL\WIN32\DEBUG\RESIDENTIAL\REFRIGERATOR.OBJ
C:\USERS\ANTONIA\DOCUMENTS\GRIDLAB-D\TRUNK VERSIONS\ARGICULTURAL\GRIDLAB-D-CODE-5159-TRUNK\RESIDENTIAL\WIN32\DEBUG\RESIDENTIAL\RESIDENTIAL.DLL.EMBED.MANIFEST.RES
C:\USERS\ANTONIA\DOCUMENTS\GRIDLAB-D\TRUNK VERSIONS\ARGICULTURAL\GRIDLAB-D-CODE-5159-TRUNK\RESIDENTIAL\WIN32\DEBUG\RESIDENTIAL\RESIDENTIAL_ENDUSE.OBJ
C:\USERS\ANTONIA\DOCUMENTS\GRIDLAB-D\TRUNK VERSIONS\ARGICULTURAL\GRIDLAB-D-CODE-5159-TRUNK\RESIDENTIAL\WIN32\DEBUG\RESIDENTIAL\SOIL_SENSOR.OBJ
C:\USERS\ANTONIA\DOCUMENTS\GRIDLAB-D\TRUNK VERSIONS\ARGICULTURAL\GRIDLAB-D-CODE-5159-TRUNK\RESIDENTIAL\WIN32\DEBUG\RESIDENTIAL\SOLVERS.OBJ
C:\USERS\ANTONIA\DOCUMENTS\GRIDLAB-D\TRUNK VERSIONS\ARGICULTURAL\GRIDLAB-D-CODE-5159-TRUNK\RESIDENTIAL\WIN32\DEBUG\RESIDENTIAL\THERMAL_STORAGE.OBJ
C:\USERS\ANTONIA\DOCUMENTS\GRIDLAB-D\TRUNK VERSIONS\ARGICULTURAL\GRIDLAB-D-CODE-5159-TRUNK\RESIDENTIAL\WIN32\DEBUG\RESIDENTIAL\VC100.PDB
C:\USERS\ANTONIA\DOCUMENTS\GRIDLAB-D\TRUNK VERSIONS\ARGICULTURAL\GRIDLAB-D-CODE-5159-TRUNK\RESIDENTIAL\WIN32\DEBUG\RESIDENTIAL\WATERHEATER.OBJ
C:\USERS\ANTONIA\DOCUMENTS\GRIDLAB-D\TRUNK VERSIONS\ARGICULTURAL\GRIDLAB-D-CODE-5159-TRUNK\RESIDENTIAL\WIN32\DEBUG\RESIDENTIAL\ZIPLOAD.OBJ
C:\Users\Antonia\Documents\Gridlab-D\trunk versions\argicultural\gridlab-d-code-5159-trunk\VS2005\Win32\Debug\residential.exp
C:\Users\Antonia\Documents\Gridlab-D\trunk versions\argicultural\gridlab-d-code-5159-trunk\VS2005\Win32\Debug\residential.lib
C:\USERS\ANTONIA\DOCUMENTS\GRIDLAB-D\TRUNK VERSIONS\GRIDLAB-D-CODE-5159-TRUNK\GRIDLAB-D-CODE-5159-TRUNK\RESIDENTIAL\WIN32\DEBUG\RESIDENTIAL\APPLIANCE.OBJ
C:\USERS\ANTONIA\DOCUMENTS\GRIDLAB-D\TRUNK VERSIONS\GRIDLAB-D-CODE-5159-TRUNK\GRIDLAB-D-CODE-5159-TRUNK\RESIDENTIAL\WIN32\DEBUG\RESIDENTIAL\CLOTHESWASHER.OBJ
C:\USERS\ANTONIA\DOCUMENTS\GRIDLAB-D\TRUNK VERSIONS\GRIDLAB-D-CODE-5159-TRUNK\GRIDLAB-D-CODE-5159-TRUNK\RESIDENTIAL\WIN32\DEBUG\RESIDENTIAL\DISHWASHER.OBJ
C:\USERS\ANTONIA\DOCUMENTS\GRIDLAB-D\TRUNK VERSIONS\GRIDLAB-D-CODE-5159-TRUNK\GRIDLAB-D-CODE-5159-TRUNK\RESIDENTIAL\WIN32\DEBUG\RESIDENTIAL\DRYER.OBJ
C:\USERS\ANTONIA\DOCUMENTS\GRIDLAB-D\TRUNK VERSIONS\GRIDLAB-D-CODE-5159-TRUNK\GRIDLAB-D-CODE-5159-TRUNK\RESIDENTIAL\WIN32\DEBUG\RESIDENTIAL\EVCHARGER.OBJ
C:\USERS\ANTONIA\DOCUMENTS\GRIDLAB-D\TRUNK VERSIONS\GRIDLAB-D-CODE-5159-TRUNK\GRIDLAB-D-CODE-5159-TRUNK\RESIDENTIAL\WIN32\DEBUG\RESIDENTIAL\EVCHARGER_DET.OBJ
C:\USERS\ANTONIA\DOCUMENTS\GRIDLAB-D\TRUNK VERSIONS\GRIDLAB-D-CODE-5159-TRUNK\GRIDLAB-D-CODE-5159-TRUNK\RESIDENTIAL\WIN32\DEBUG\RESIDENTIAL\FREEZER.OBJ
C:\USERS\ANTONIA\DOCUMENTS\GRIDLAB-D\TRUNK VERSIONS\GRIDLAB-D-CODE-5159-TRUNK\GRIDLAB-D-CODE-5159-TRUNK\RESIDENTIAL\WIN32\DEBUG\RESIDENTIAL\HOUSE_A.OBJ
C:\USERS\ANTONIA\DOCUMENTS\GRIDLAB-D\TRUNK VERSIONS\GRIDLAB-D-CODE-5159-TRUNK\GRIDLAB-D-CODE-5159-TRUNK\RESIDENTIAL\WIN32\DEBUG\RESIDENTIAL\HOUSE_E.OBJ
C:\USERS\ANTONIA\DOCUMENTS\GRIDLAB-D\TRUNK VERSIONS\GRIDLAB-D-CODE-5159-TRUNK\GRIDLAB-D-CODE-5159-TRUNK\RESIDENTIAL\WIN32\DEBUG\RESIDENTIAL\INIT.OBJ
C:\USERS\ANTONIA\DOCUMENTS\GRIDLAB-D\TRUNK VERSIONS\GRIDLAB-D-CODE-5159-TRUNK\GRIDLAB-D-CODE-5159-TRUNK\RESIDENTIAL\WIN32\DEBUG\RESIDENTIAL\LIGHTS.OBJ
C:\USERS\ANTONIA\DOCUMENTS\GRIDLAB-D\TRUNK VERSIONS\GRIDLAB-D-CODE-5159-TRUNK\GRIDLAB-D-CODE-5159-TRUNK\RESIDENTIAL\WIN32\DEBUG\RESIDENTIAL\MAIN.OBJ
C:\USERS\ANTONIA\DOCUMENTS\GRIDLAB-D\TRUNK VERSIONS\GRIDLAB-D-CODE-5159-TRUNK\GRIDLAB-D-CODE-5159-TRUNK\RESIDENTIAL\WIN32\DEBUG\RESIDENTIAL\MICROWAVE.OBJ
C:\USERS\ANTONIA\DOCUMENTS\GRIDLAB-D\TRUNK VERSIONS\GRIDLAB-D-CODE-5159-TRUNK\GRIDLAB-D-CODE-5159-TRUNK\RESIDENTIAL\WIN32\DEBUG\RESIDENTIAL\OCCUPANTLOAD.OBJ
C:\USERS\ANTONIA\DOCUMENTS\GRIDLAB-D\TRUNK VERSIONS\GRIDLAB-D-CODE-5159-TRUNK\GRIDLAB-D-CODE-5159-TRUNK\RESIDENTIAL\WIN32\DEBUG\RESIDENTIAL\PLUGLOAD.OBJ
C:\USERS\ANTONIA\DOCUMENTS\GRIDLAB-D\TRUNK VERSIONS\GRIDLAB-D-CODE-5159-TRUNK\GRIDLAB-D-CODE-5159-TRUNK\RESIDENTIAL\WIN32\DEBUG\RESIDENTIAL\RANGE.OBJ
C:\USERS\ANTONIA\DOCUMENTS\GRIDLAB-D\TRUNK VERSIONS\GRIDLAB-D-CODE-5159-TRUNK\GRIDLAB-D-CODE-5159-TRUNK\RESIDENTIAL\WIN32\DEBUG\RESIDENTIAL\REFRIGERATOR.OBJ
C:\USERS\ANTONIA\DOCUMENTS\GRIDLAB-D\TRUNK VERSIONS\GRIDLAB-D-CODE-5159-TRUNK\GRIDLAB-D-CODE-5159-TRUNK\RESIDENTIAL\WIN32\DEBUG\RESIDENTIAL\RESIDENTIAL.DLL.EMBED.MANIFEST
C:\USERS\ANTONIA\DOCUMENTS\GRIDLAB-D\TRUNK VERSIONS\GRIDLAB-D-CODE-5159-TRUNK\GRIDLAB-D-CODE-5159-TRUNK\RESIDENTIAL\WIN32\DEBUG\RESIDENTIAL\RESIDENTIAL.DLL.EMBED.MANIFEST.RES
C:\USERS\ANTONIA\DOCUMENTS\GRIDLAB-D\TRUNK VERSIONS\GRIDLAB-D-CODE-5159-TRUNK\GRIDLAB-D-CODE-5159-TRUNK\RESIDENTIAL\WIN32\DEBUG\RESIDENTIAL\RESIDENTIAL.DLL.INTERMEDIATE.MANIFEST
C:\USERS\ANTONIA\DOCUMENTS\GRIDLAB-D\TRUNK VERSIONS\GRIDLAB-D-CODE-5159-TRUNK\GRIDLAB-D-CODE-5159-TRUNK\RESIDENTIAL\WIN32\DEBUG\RESIDENTIAL\RESIDENTIAL_ENDUSE.OBJ
C:\USERS\ANTONIA\DOCUMENTS\GRIDLAB-D\TRUNK VERSIONS\GRIDLAB-D-CODE-5159-TRUNK\GRIDLAB-D-CODE-5159-TRUNK\RESIDENTIAL\WIN32\DEBUG\RESIDENTIAL\SOLVERS.OBJ
C:\USERS\ANTONIA\DOCUMENTS\GRIDLAB-D\TRUNK VERSIONS\GRIDLAB-D-CODE-5159-TRUNK\GRIDLAB-D-CODE-5159-TRUNK\RESIDENTIAL\WIN32\DEBUG\RESIDENTIAL\THERMAL_STORAGE.OBJ
C:\USERS\ANTONIA\DOCUMENTS\GRIDLAB-D\TRUNK VERSIONS\GRIDLAB-D-CODE-5159-TRUNK\GRIDLAB-D-CODE-5159-TRUNK\RESIDENTIAL\WIN32\DEBUG\RESIDENTIAL\VC100.PDB
C:\USERS\ANTONIA\DOCUMENTS\GRIDLAB-D\TRUNK VERSIONS\GRIDLAB-D-CODE-5159-TRUNK\GRIDLAB-D-CODE-5159-TRUNK\RESIDENTIAL\WIN32\DEBUG\RESIDENTIAL\WATERHEATER.OBJ
C:\USERS\ANTONIA\DOCUMENTS\GRIDLAB-D\TRUNK VERSIONS\GRIDLAB-D-CODE-5159-TRUNK\GRIDLAB-D-CODE-5159-TRUNK\RESIDENTIAL\WIN32\DEBUG\RESIDENTIAL\ZIPLOAD.OBJ
C:\USERS\ANTONIA\DOCUMENTS\GRIDLAB-D\TRUNK VERSIONS\GRIDLAB-D-CODE-5159-TRUNK\GRIDLAB-D-CODE-5159-TRUNK\VS2005\WIN32\DEBUG\RESIDENTIAL.DLL
C:\Users\Antonia\Documents\Gridlab-D\trunk versions\gridlab-d-code-5159-trunk\gridlab-d-code-5159-trunk\VS2005\Win32\Debug\residential.exp
C:\USERS\ANTONIA\DOCUMENTS\GRIDLAB-D\TRUNK VERSIONS\GRIDLAB-D-CODE-5159-TRUNK\GRIDLAB-D-CODE-5159-TRUNK\VS2005\WIN32\DEBUG\RESIDENTIAL.ILK
C:\Users\Antonia\Documents\Gridlab-D\trunk versions\gridlab-d-code-5159-trunk\gridlab-d-code-5159-trunk\VS2005\Win32\Debug\residential.lib
C:\USERS\ANTONIA\DOCUMENTS\GRIDLAB-D\TRUNK VERSIONS\GRIDLAB-D-CODE-5159-TRUNK\GRIDLAB-D-CODE-5159-TRUNK\VS2005\WIN32\DEBUG\RESIDENTIAL.PDB
